100 50 4900 0.98989898989899 98 98
67 0
21 1
50 2
97 3
16 4
25 5
99 6
15 7
49 6
76 8
48 9
9 10
27 11
92 12
36 13
3 14
30 15
39 16
33 17
66 4
75 5
34 18
65 7
61 19
73 20
22 21
43 22
44 23
7 24
82 25
28 26
38 27
57 24
17 0
56 28
93 22
58 29
46 30
37 31
96 30
74 32
84 18
83 17
29 33
59 10
12 34
14 35
23 20
86 13
11 19
90 36
54 37
47 3
62 34
89 16
81 38
88 27
77 11
6 28
26 8
20 39
42 12
78 26
41 40
79 33
95 41
52 42
13 43
55 44
4 37
98 9
40 36
32 25
72 21
68 45
69 46
53 14
45 41
2 42
87 31
19 46
64 35
31 38
8 29
63 43
24 32
80 15
10 47
18 45
70 39
94 23
60 47
71 1
1 48
5 44
51 48
35 49
85 49
91 40
100 2
