100 50 4900 0.98989898989899 98 98
69 0
14 1
48 2
2 3
93 4
73 5
87 6
88 7
75 8
58 9
61 10
84 11
92 12
100 13
24 14
20 15
64 1
10 16
5 17
36 18
23 5
81 19
49 20
19 0
22 21
89 22
44 23
59 24
8 9
26 25
46 26
16 27
45 28
13 29
30 30
77 31
17 32
99 20
11 10
57 33
1 34
79 35
38 7
39 22
85 36
71 37
35 36
97 38
76 25
54 39
66 27
63 29
53 40
37 6
94 23
29 35
86 18
40 41
78 42
65 43
31 19
55 17
27 31
96 26
6 44
60 16
7 33
42 12
41 45
51 34
33 46
21 37
3 40
43 4
15 43
12 47
95 28
74 14
98 2
62 47
90 41
52 3
32 48
18 49
34 11
50 13
47 38
91 45
83 46
25 8
82 48
68 49
72 21
67 32
56 44
28 42
4 39
9 24
80 30
70 15
